2026-03-10 11:01:15 +08:00: C:\PROGRAM FILES\NODEJS\NPM.CMD:1
2026-03-10 11:01:15 +08:00: :: Created by npm, please don't edit manually.
2026-03-10 11:01:15 +08:00: ^
2026-03-10 11:01:15 +08:00: 
2026-03-10 11:01:15 +08:00: SyntaxError: Unexpected token ':'
2026-03-10 11:01:15 +08:00:     at wrapSafe (node:internal/modules/cjs/loader:1692:18)
2026-03-10 11:01:15 +08:00:     at Module._compile (node:internal/modules/cjs/loader:1735:20)
2026-03-10 11:01:15 +08:00:     at Object..js (node:internal/modules/cjs/loader:1893:10)
2026-03-10 11:01:15 +08:00:     at Module.load (node:internal/modules/cjs/loader:1481:32)
2026-03-10 11:01:15 +08:00:     at Module._load (node:internal/modules/cjs/loader:1300:12)
2026-03-10 11:01:15 +08:00:     at TracingChannel.traceSync (node:diagnostics_channel:328:14)
2026-03-10 11:01:15 +08:00:     at wrapModuleLoad (node:internal/modules/cjs/loader:245:24)
2026-03-10 11:01:15 +08:00:     at Module.executeUserEntryPoint [as runMain] (node:internal/modules/run_main:154:5)
2026-03-10 11:01:15 +08:00:     at node:internal/main/run_main_module:33:47
2026-03-10 11:01:15 +08:00: 
2026-03-10 11:01:15 +08:00: Node.js v24.12.0
2026-03-10 11:07:29 +08:00: C:\PROGRAM FILES\NODEJS\NPM.CMD:1
2026-03-10 11:07:29 +08:00: :: Created by npm, please don't edit manually.
2026-03-10 11:07:29 +08:00: ^
2026-03-10 11:07:29 +08:00: 
2026-03-10 11:07:29 +08:00: SyntaxError: Unexpected token ':'
2026-03-10 11:07:29 +08:00:     at wrapSafe (node:internal/modules/cjs/loader:1692:18)
2026-03-10 11:07:29 +08:00:     at Module._compile (node:internal/modules/cjs/loader:1735:20)
2026-03-10 11:07:29 +08:00:     at Object..js (node:internal/modules/cjs/loader:1893:10)
2026-03-10 11:07:29 +08:00:     at Module.load (node:internal/modules/cjs/loader:1481:32)
2026-03-10 11:07:29 +08:00:     at Module._load (node:internal/modules/cjs/loader:1300:12)
2026-03-10 11:07:29 +08:00:     at TracingChannel.traceSync (node:diagnostics_channel:328:14)
2026-03-10 11:07:29 +08:00:     at wrapModuleLoad (node:internal/modules/cjs/loader:245:24)
2026-03-10 11:07:29 +08:00:     at Module.executeUserEntryPoint [as runMain] (node:internal/modules/run_main:154:5)
2026-03-10 11:07:29 +08:00:     at node:internal/main/run_main_module:33:47
2026-03-10 11:07:29 +08:00: 
2026-03-10 11:07:29 +08:00: Node.js v24.12.0
