2026-03-11 09:45:56 +08:00: PASS test/sandbag.mqtt.perf.test.ts
2026-03-11 09:45:56 +08:00:   Evolve SDK MQTT Performance
2026-03-11 09:45:56 +08:00:     √ benchmarks MQTT JSON payload parsing (10k payloads) (52 ms)
2026-03-11 09:45:56 +08:00:     √ benchmarks MQTT binary payload parsing (10k payloads) (24 ms)
2026-03-11 09:45:56 +08:00:     √ benchmarks MQTT message deduplication (100k messages, 20k unique) (31 ms)
2026-03-11 09:45:56 +08:00:     √ benchmarks MQTT RSSI filtering (100k messages, threshold -70) (71 ms)
2026-03-11 09:45:56 +08:00:     √ benchmarks MQTT topic routing (100k messages, 10 topics) (20 ms)
2026-03-11 09:45:56 +08:00:     √ benchmarks MQTT concurrent processing (5 virtual subscribers, 20k messages each) (5 ms)
2026-03-11 09:45:56 +08:00:     √ benchmarks MQTT payload size impact (1k-10k payloads) (19 ms)
2026-03-11 09:45:56 +08:00:     √ benchmarks MQTT connection stability (1000 connect/disconnect cycles) (2 ms)
2026-03-11 09:45:56 +08:00: 
2026-03-11 09:45:56 +08:00: Test Suites: 1 passed, 1 total
2026-03-11 09:45:56 +08:00: Tests:       8 passed, 8 total
2026-03-11 09:45:56 +08:00: Snapshots:   0 total
2026-03-11 09:45:56 +08:00: Time:        2.253 s, estimated 3 s
2026-03-11 09:45:56 +08:00: Ran all test suites matching test/sandbag.mqtt.perf.test.ts.
2026-03-11 09:49:23 +08:00: PASS test/sandbag.mqtt.perf.test.ts
2026-03-11 09:49:23 +08:00:   Evolve SDK MQTT Performance
2026-03-11 09:49:23 +08:00:     √ benchmarks MQTT JSON payload parsing (10k payloads) (52 ms)
2026-03-11 09:49:23 +08:00:     √ benchmarks MQTT binary payload parsing (10k payloads) (22 ms)
2026-03-11 09:49:23 +08:00:     √ benchmarks MQTT message deduplication (100k messages, 20k unique) (37 ms)
2026-03-11 09:49:23 +08:00:     √ benchmarks MQTT RSSI filtering (100k messages, threshold -70) (79 ms)
2026-03-11 09:49:23 +08:00:     √ benchmarks MQTT topic routing (100k messages, 10 topics) (17 ms)
2026-03-11 09:49:23 +08:00:     √ benchmarks MQTT concurrent processing (5 virtual subscribers, 20k messages each) (6 ms)
2026-03-11 09:49:23 +08:00:     √ benchmarks MQTT payload size impact (1k-10k payloads) (19 ms)
2026-03-11 09:49:23 +08:00:     √ benchmarks MQTT connection stability (1000 connect/disconnect cycles) (3 ms)
2026-03-11 09:49:23 +08:00: 
2026-03-11 09:49:23 +08:00: Test Suites: 1 passed, 1 total
2026-03-11 09:49:23 +08:00: Tests:       8 passed, 8 total
2026-03-11 09:49:23 +08:00: Snapshots:   0 total
2026-03-11 09:49:23 +08:00: Time:        1.371 s, estimated 3 s
2026-03-11 09:49:23 +08:00: Ran all test suites matching test/sandbag.mqtt.perf.test.ts.
2026-03-11 09:56:56 +08:00: PASS test/sandbag.mqtt.perf.test.ts
2026-03-11 09:56:56 +08:00:   Evolve SDK MQTT Performance
2026-03-11 09:56:56 +08:00:     √ benchmarks MQTT JSON payload parsing (10k payloads) (54 ms)
2026-03-11 09:56:56 +08:00:     √ benchmarks MQTT binary payload parsing (10k payloads) (26 ms)
2026-03-11 09:56:56 +08:00:     √ benchmarks MQTT message deduplication (100k messages, 20k unique) (40 ms)
2026-03-11 09:56:56 +08:00:     √ benchmarks MQTT RSSI filtering (100k messages, threshold -70) (77 ms)
2026-03-11 09:56:56 +08:00:     √ benchmarks MQTT topic routing (100k messages, 10 topics) (20 ms)
2026-03-11 09:56:56 +08:00:     √ benchmarks MQTT concurrent processing (5 virtual subscribers, 20k messages each) (8 ms)
2026-03-11 09:56:56 +08:00:     √ benchmarks MQTT payload size impact (1k-10k payloads) (19 ms)
2026-03-11 09:56:56 +08:00:     √ benchmarks MQTT connection stability (1000 connect/disconnect cycles) (3 ms)
2026-03-11 09:56:56 +08:00: 
2026-03-11 09:56:56 +08:00: Test Suites: 1 passed, 1 total
2026-03-11 09:56:56 +08:00: Tests:       8 passed, 8 total
2026-03-11 09:56:56 +08:00: Snapshots:   0 total
2026-03-11 09:56:56 +08:00: Time:        1.304 s, estimated 2 s
2026-03-11 09:56:56 +08:00: Ran all test suites matching test/sandbag.mqtt.perf.test.ts.
2026-03-11 10:04:33 +08:00: PASS test/sandbag.mqtt.perf.test.ts
2026-03-11 10:04:33 +08:00:   Evolve SDK MQTT Performance
2026-03-11 10:04:33 +08:00:     √ benchmarks MQTT JSON payload parsing (10k payloads) (61 ms)
2026-03-11 10:04:33 +08:00:     √ benchmarks MQTT binary payload parsing (10k payloads) (29 ms)
2026-03-11 10:04:33 +08:00:     √ benchmarks MQTT message deduplication (100k messages, 20k unique) (36 ms)
2026-03-11 10:04:33 +08:00:     √ benchmarks MQTT RSSI filtering (100k messages, threshold -70) (88 ms)
2026-03-11 10:04:33 +08:00:     √ benchmarks MQTT topic routing (100k messages, 10 topics) (20 ms)
2026-03-11 10:04:33 +08:00:     √ benchmarks MQTT concurrent processing (5 virtual subscribers, 20k messages each) (10 ms)
2026-03-11 10:04:33 +08:00:     √ benchmarks MQTT payload size impact (1k-10k payloads) (22 ms)
2026-03-11 10:04:33 +08:00:     √ benchmarks MQTT connection stability (1000 connect/disconnect cycles) (3 ms)
2026-03-11 10:04:33 +08:00: 
2026-03-11 10:04:33 +08:00: Test Suites: 1 passed, 1 total
2026-03-11 10:04:33 +08:00: Tests:       8 passed, 8 total
2026-03-11 10:04:33 +08:00: Snapshots:   0 total
2026-03-11 10:04:33 +08:00: Time:        1.493 s, estimated 2 s
2026-03-11 10:04:33 +08:00: Ran all test suites matching test/sandbag.mqtt.perf.test.ts.
2026-03-11 10:40:48 +08:00: PASS test/sandbag.mqtt.perf.test.ts
2026-03-11 10:40:48 +08:00:   Evolve SDK MQTT Performance
2026-03-11 10:40:48 +08:00:     √ benchmarks MQTT JSON payload parsing (10k payloads) (57 ms)
2026-03-11 10:40:48 +08:00:     √ benchmarks MQTT binary payload parsing (10k payloads) (21 ms)
2026-03-11 10:40:48 +08:00:     √ benchmarks MQTT message deduplication (100k messages, 20k unique) (35 ms)
2026-03-11 10:40:48 +08:00:     √ benchmarks MQTT RSSI filtering (100k messages, threshold -70) (73 ms)
2026-03-11 10:40:48 +08:00:     √ benchmarks MQTT topic routing (100k messages, 10 topics) (14 ms)
2026-03-11 10:40:48 +08:00:     √ benchmarks MQTT concurrent processing (5 virtual subscribers, 20k messages each) (8 ms)
2026-03-11 10:40:48 +08:00:     √ benchmarks MQTT payload size impact (1k-10k payloads) (18 ms)
2026-03-11 10:40:48 +08:00:     √ benchmarks MQTT connection stability (1000 connect/disconnect cycles) (2 ms)
2026-03-11 10:40:48 +08:00: 
2026-03-11 10:40:48 +08:00: Test Suites: 1 passed, 1 total
2026-03-11 10:40:48 +08:00: Tests:       8 passed, 8 total
2026-03-11 10:40:48 +08:00: Snapshots:   0 total
2026-03-11 10:40:48 +08:00: Time:        1.301 s, estimated 2 s
2026-03-11 10:40:48 +08:00: Ran all test suites matching test/sandbag.mqtt.perf.test.ts.
2026-03-11 10:43:10 +08:00: PASS test/sandbag.mqtt.perf.test.ts
2026-03-11 10:43:10 +08:00:   Evolve SDK MQTT Performance
2026-03-11 10:43:10 +08:00:     √ benchmarks MQTT JSON payload parsing (10k payloads) (56 ms)
2026-03-11 10:43:10 +08:00:     √ benchmarks MQTT binary payload parsing (10k payloads) (22 ms)
2026-03-11 10:43:10 +08:00:     √ benchmarks MQTT message deduplication (100k messages, 20k unique) (33 ms)
2026-03-11 10:43:10 +08:00:     √ benchmarks MQTT RSSI filtering (100k messages, threshold -70) (73 ms)
2026-03-11 10:43:10 +08:00:     √ benchmarks MQTT topic routing (100k messages, 10 topics) (16 ms)
2026-03-11 10:43:10 +08:00:     √ benchmarks MQTT concurrent processing (5 virtual subscribers, 20k messages each) (5 ms)
2026-03-11 10:43:10 +08:00:     √ benchmarks MQTT payload size impact (1k-10k payloads) (17 ms)
2026-03-11 10:43:10 +08:00:     √ benchmarks MQTT connection stability (1000 connect/disconnect cycles) (3 ms)
2026-03-11 10:43:10 +08:00: 
2026-03-11 10:43:10 +08:00: Test Suites: 1 passed, 1 total
2026-03-11 10:43:10 +08:00: Tests:       8 passed, 8 total
2026-03-11 10:43:10 +08:00: Snapshots:   0 total
2026-03-11 10:43:10 +08:00: Time:        1.256 s, estimated 2 s
2026-03-11 10:43:10 +08:00: Ran all test suites matching test/sandbag.mqtt.perf.test.ts.
2026-03-11 10:50:26 +08:00: PASS test/sandbag.mqtt.perf.test.ts
2026-03-11 10:50:26 +08:00:   Evolve SDK MQTT Performance
2026-03-11 10:50:26 +08:00:     √ benchmarks MQTT JSON payload parsing (10k payloads) (58 ms)
2026-03-11 10:50:26 +08:00:     √ benchmarks MQTT binary payload parsing (10k payloads) (22 ms)
2026-03-11 10:50:26 +08:00:     √ benchmarks MQTT message deduplication (100k messages, 20k unique) (32 ms)
2026-03-11 10:50:26 +08:00:     √ benchmarks MQTT RSSI filtering (100k messages, threshold -70) (74 ms)
2026-03-11 10:50:26 +08:00:     √ benchmarks MQTT topic routing (100k messages, 10 topics) (18 ms)
2026-03-11 10:50:26 +08:00:     √ benchmarks MQTT concurrent processing (5 virtual subscribers, 20k messages each) (6 ms)
2026-03-11 10:50:26 +08:00:     √ benchmarks MQTT payload size impact (1k-10k payloads) (21 ms)
2026-03-11 10:50:26 +08:00:     √ benchmarks MQTT connection stability (1000 connect/disconnect cycles) (3 ms)
2026-03-11 10:50:26 +08:00: 
2026-03-11 10:50:26 +08:00: Test Suites: 1 passed, 1 total
2026-03-11 10:50:26 +08:00: Tests:       8 passed, 8 total
2026-03-11 10:50:26 +08:00: Snapshots:   0 total
2026-03-11 10:50:26 +08:00: Time:        1.317 s, estimated 2 s
2026-03-11 10:50:26 +08:00: Ran all test suites matching test/sandbag.mqtt.perf.test.ts.
2026-03-11 10:52:36 +08:00: PASS test/sandbag.mqtt.perf.test.ts
2026-03-11 10:52:36 +08:00:   Evolve SDK MQTT Performance
2026-03-11 10:52:36 +08:00:     √ benchmarks MQTT JSON payload parsing (10k payloads) (56 ms)
2026-03-11 10:52:36 +08:00:     √ benchmarks MQTT binary payload parsing (10k payloads) (21 ms)
2026-03-11 10:52:36 +08:00:     √ benchmarks MQTT message deduplication (100k messages, 20k unique) (30 ms)
2026-03-11 10:52:36 +08:00:     √ benchmarks MQTT RSSI filtering (100k messages, threshold -70) (70 ms)
2026-03-11 10:52:36 +08:00:     √ benchmarks MQTT topic routing (100k messages, 10 topics) (17 ms)
2026-03-11 10:52:36 +08:00:     √ benchmarks MQTT concurrent processing (5 virtual subscribers, 20k messages each) (5 ms)
2026-03-11 10:52:36 +08:00:     √ benchmarks MQTT payload size impact (1k-10k payloads) (17 ms)
2026-03-11 10:52:36 +08:00:     √ benchmarks MQTT connection stability (1000 connect/disconnect cycles) (3 ms)
2026-03-11 10:52:36 +08:00: 
2026-03-11 10:52:36 +08:00: Test Suites: 1 passed, 1 total
2026-03-11 10:52:36 +08:00: Tests:       8 passed, 8 total
2026-03-11 10:52:36 +08:00: Snapshots:   0 total
2026-03-11 10:52:36 +08:00: Time:        1.186 s, estimated 2 s
2026-03-11 10:52:36 +08:00: Ran all test suites matching test/sandbag.mqtt.perf.test.ts.
2026-03-11 11:03:00 +08:00: PASS test/sandbag.mqtt.perf.test.ts
2026-03-11 11:03:00 +08:00:   Evolve SDK MQTT Performance
2026-03-11 11:03:00 +08:00:     √ benchmarks MQTT JSON payload parsing (10k payloads) (51 ms)
2026-03-11 11:03:00 +08:00:     √ benchmarks MQTT binary payload parsing (10k payloads) (29 ms)
2026-03-11 11:03:00 +08:00:     √ benchmarks MQTT message deduplication (100k messages, 20k unique) (33 ms)
2026-03-11 11:03:00 +08:00:     √ benchmarks MQTT RSSI filtering (100k messages, threshold -70) (94 ms)
2026-03-11 11:03:00 +08:00:     √ benchmarks MQTT topic routing (100k messages, 10 topics) (19 ms)
2026-03-11 11:03:00 +08:00:     √ benchmarks MQTT concurrent processing (5 virtual subscribers, 20k messages each) (5 ms)
2026-03-11 11:03:00 +08:00:     √ benchmarks MQTT payload size impact (1k-10k payloads) (18 ms)
2026-03-11 11:03:00 +08:00:     √ benchmarks MQTT connection stability (1000 connect/disconnect cycles) (2 ms)
2026-03-11 11:03:00 +08:00: 
2026-03-11 11:03:00 +08:00: Test Suites: 1 passed, 1 total
2026-03-11 11:03:00 +08:00: Tests:       8 passed, 8 total
2026-03-11 11:03:00 +08:00: Snapshots:   0 total
2026-03-11 11:03:00 +08:00: Time:        1.407 s, estimated 2 s
2026-03-11 11:03:00 +08:00: Ran all test suites matching test/sandbag.mqtt.perf.test.ts.
2026-03-11 11:14:58 +08:00: PASS test/sandbag.mqtt.perf.test.ts
2026-03-11 11:14:58 +08:00:   Evolve SDK MQTT Performance
2026-03-11 11:14:58 +08:00:     √ benchmarks MQTT JSON payload parsing (10k payloads) (57 ms)
2026-03-11 11:14:58 +08:00:     √ benchmarks MQTT binary payload parsing (10k payloads) (22 ms)
2026-03-11 11:14:58 +08:00:     √ benchmarks MQTT message deduplication (100k messages, 20k unique) (33 ms)
2026-03-11 11:14:58 +08:00:     √ benchmarks MQTT RSSI filtering (100k messages, threshold -70) (75 ms)
2026-03-11 11:14:58 +08:00:     √ benchmarks MQTT topic routing (100k messages, 10 topics) (19 ms)
2026-03-11 11:14:58 +08:00:     √ benchmarks MQTT concurrent processing (5 virtual subscribers, 20k messages each) (7 ms)
2026-03-11 11:14:58 +08:00:     √ benchmarks MQTT payload size impact (1k-10k payloads) (20 ms)
2026-03-11 11:14:58 +08:00:     √ benchmarks MQTT connection stability (1000 connect/disconnect cycles) (4 ms)
2026-03-11 11:14:58 +08:00: 
2026-03-11 11:14:58 +08:00: Test Suites: 1 passed, 1 total
2026-03-11 11:14:58 +08:00: Tests:       8 passed, 8 total
2026-03-11 11:14:58 +08:00: Snapshots:   0 total
2026-03-11 11:14:58 +08:00: Time:        1.304 s, estimated 2 s
2026-03-11 11:14:58 +08:00: Ran all test suites matching test/sandbag.mqtt.perf.test.ts.
2026-03-11 11:15:26 +08:00: PASS test/sandbag.mqtt.perf.test.ts
2026-03-11 11:15:26 +08:00:   Evolve SDK MQTT Performance
2026-03-11 11:15:26 +08:00:     √ benchmarks MQTT JSON payload parsing (10k payloads) (53 ms)
2026-03-11 11:15:26 +08:00:     √ benchmarks MQTT binary payload parsing (10k payloads) (28 ms)
2026-03-11 11:15:26 +08:00:     √ benchmarks MQTT message deduplication (100k messages, 20k unique) (34 ms)
2026-03-11 11:15:26 +08:00:     √ benchmarks MQTT RSSI filtering (100k messages, threshold -70) (73 ms)
2026-03-11 11:15:26 +08:00:     √ benchmarks MQTT topic routing (100k messages, 10 topics) (18 ms)
2026-03-11 11:15:26 +08:00:     √ benchmarks MQTT concurrent processing (5 virtual subscribers, 20k messages each) (5 ms)
2026-03-11 11:15:26 +08:00:     √ benchmarks MQTT payload size impact (1k-10k payloads) (17 ms)
2026-03-11 11:15:26 +08:00:     √ benchmarks MQTT connection stability (1000 connect/disconnect cycles) (3 ms)
2026-03-11 11:15:26 +08:00: 
2026-03-11 11:15:26 +08:00: Test Suites: 1 passed, 1 total
2026-03-11 11:15:26 +08:00: Tests:       8 passed, 8 total
2026-03-11 11:15:26 +08:00: Snapshots:   0 total
2026-03-11 11:15:26 +08:00: Time:        1.238 s, estimated 2 s
2026-03-11 11:15:26 +08:00: Ran all test suites matching test/sandbag.mqtt.perf.test.ts.
2026-03-11 11:17:06 +08:00: PASS test/sandbag.mqtt.perf.test.ts
2026-03-11 11:17:06 +08:00:   Evolve SDK MQTT Performance
2026-03-11 11:17:06 +08:00:     √ benchmarks MQTT JSON payload parsing (10k payloads) (62 ms)
2026-03-11 11:17:06 +08:00:     √ benchmarks MQTT binary payload parsing (10k payloads) (26 ms)
2026-03-11 11:17:06 +08:00:     √ benchmarks MQTT message deduplication (100k messages, 20k unique) (39 ms)
2026-03-11 11:17:06 +08:00:     √ benchmarks MQTT RSSI filtering (100k messages, threshold -70) (99 ms)
2026-03-11 11:17:06 +08:00:     √ benchmarks MQTT topic routing (100k messages, 10 topics) (22 ms)
2026-03-11 11:17:06 +08:00:     √ benchmarks MQTT concurrent processing (5 virtual subscribers, 20k messages each) (8 ms)
2026-03-11 11:17:06 +08:00:     √ benchmarks MQTT payload size impact (1k-10k payloads) (21 ms)
2026-03-11 11:17:06 +08:00:     √ benchmarks MQTT connection stability (1000 connect/disconnect cycles) (3 ms)
2026-03-11 11:17:06 +08:00: 
2026-03-11 11:17:06 +08:00: Test Suites: 1 passed, 1 total
2026-03-11 11:17:06 +08:00: Tests:       8 passed, 8 total
2026-03-11 11:17:06 +08:00: Snapshots:   0 total
2026-03-11 11:17:06 +08:00: Time:        1.298 s, estimated 2 s
2026-03-11 11:17:06 +08:00: Ran all test suites matching test/sandbag.mqtt.perf.test.ts.
2026-03-11 11:27:14 +08:00: PASS test/sandbag.mqtt.perf.test.ts
2026-03-11 11:27:14 +08:00:   Evolve SDK MQTT Performance
2026-03-11 11:27:14 +08:00:     √ benchmarks MQTT JSON payload parsing (10k payloads) (56 ms)
2026-03-11 11:27:14 +08:00:     √ benchmarks MQTT binary payload parsing (10k payloads) (44 ms)
2026-03-11 11:27:14 +08:00:     √ benchmarks MQTT message deduplication (100k messages, 20k unique) (38 ms)
2026-03-11 11:27:14 +08:00:     √ benchmarks MQTT RSSI filtering (100k messages, threshold -70) (74 ms)
2026-03-11 11:27:14 +08:00:     √ benchmarks MQTT topic routing (100k messages, 10 topics) (19 ms)
2026-03-11 11:27:14 +08:00:     √ benchmarks MQTT concurrent processing (5 virtual subscribers, 20k messages each) (7 ms)
2026-03-11 11:27:14 +08:00:     √ benchmarks MQTT payload size impact (1k-10k payloads) (20 ms)
2026-03-11 11:27:14 +08:00:     √ benchmarks MQTT connection stability (1000 connect/disconnect cycles) (3 ms)
2026-03-11 11:27:14 +08:00: 
2026-03-11 11:27:14 +08:00: Test Suites: 1 passed, 1 total
2026-03-11 11:27:14 +08:00: Tests:       8 passed, 8 total
2026-03-11 11:27:14 +08:00: Snapshots:   0 total
2026-03-11 11:27:14 +08:00: Time:        1.506 s, estimated 2 s
2026-03-11 11:27:14 +08:00: Ran all test suites matching test/sandbag.mqtt.perf.test.ts.
2026-03-11 17:39:44 +08:00: PASS test/sandbag.mqtt.perf.test.ts
2026-03-11 17:39:44 +08:00:   Evolve SDK MQTT Performance
2026-03-11 17:39:44 +08:00:     √ benchmarks MQTT JSON payload parsing (10k payloads) (53 ms)
2026-03-11 17:39:44 +08:00:     √ benchmarks MQTT binary payload parsing (10k payloads) (29 ms)
2026-03-11 17:39:44 +08:00:     √ benchmarks MQTT message deduplication (100k messages, 20k unique) (46 ms)
2026-03-11 17:39:44 +08:00:     √ benchmarks MQTT RSSI filtering (100k messages, threshold -70) (84 ms)
2026-03-11 17:39:44 +08:00:     √ benchmarks MQTT topic routing (100k messages, 10 topics) (18 ms)
2026-03-11 17:39:44 +08:00:     √ benchmarks MQTT concurrent processing (5 virtual subscribers, 20k messages each) (6 ms)
2026-03-11 17:39:44 +08:00:     √ benchmarks MQTT payload size impact (1k-10k payloads) (19 ms)
2026-03-11 17:39:44 +08:00:     √ benchmarks MQTT connection stability (1000 connect/disconnect cycles) (4 ms)
2026-03-11 17:39:44 +08:00: 
2026-03-11 17:39:44 +08:00: Test Suites: 1 passed, 1 total
2026-03-11 17:39:44 +08:00: Tests:       8 passed, 8 total
2026-03-11 17:39:44 +08:00: Snapshots:   0 total
2026-03-11 17:39:44 +08:00: Time:        1.557 s, estimated 3 s
2026-03-11 17:39:44 +08:00: Ran all test suites matching test/sandbag.mqtt.perf.test.ts.
